
Exit Code: 0x00
Adapter #0

Enclosure Device ID: 8
Slot Number: 1
Enclosure position: 1
Device Id: 54
WWN: 5000C500AECB75FC
Sequence Number: 2
Media Error Count: 0
Other Error Count: 0
Predictive Failure Count: 0
Last Predictive Failure Event Seq Number: 0
PD Type: SAS

Raw Size: 10.914 TB [0x575000000 Sectors]
Non Coerced Size: 10.913 TB [0x574f00000 Sectors]
Coerced Size: 10.913 TB [0x574f00000 Sectors]
Sector Size:  512
Logical Sector Size:  512
Physical Sector Size:  4096
Firmware state: JBOD
Device Firmware Level: E002
Shield Counter: 0
Successful diagnostics completion on :  N/A
SAS Address(0): 0x5000c500aecb75fd
SAS Address(1): 0x0
Connected Port Number: 1(path0) 
Inquiry Data: SEAGATE ST12000NM0038   E002ZHZ5337R            
FDE Capable: Not Capable
FDE Enable: Disable
Secured: Unsecured
Locked: Unlocked
Needs EKM Attention: No
Foreign State: None 
Device Speed: 12.0Gb/s 
Link Speed: 6.0Gb/s 
Media Type: Hard Disk Device
Drive:  Not Certified
Drive Temperature :47C (116.60 F)
PI Eligibility:  No 
Drive is formatted for PI information:  No
PI: No PI
Port-0 :
Port status: Active
Port's Linkspeed: 6.0Gb/s 
Port-1 :
Port status: Active
Port's Linkspeed: 6.0Gb/s 
Drive has flagged a S.M.A.R.T alert : No



Enclosure Device ID: 8
Slot Number: 2
Enclosure position: 1
Device Id: 64
WWN: 5000C500AECCBA40
Sequence Number: 2
Media Error Count: 0
Other Error Count: 0
Predictive Failure Count: 0
Last Predictive Failure Event Seq Number: 0
PD Type: SAS

Raw Size: 10.914 TB [0x575000000 Sectors]
Non Coerced Size: 10.913 TB [0x574f00000 Sectors]
Coerced Size: 10.913 TB [0x574f00000 Sectors]
Sector Size:  512
Logical Sector Size:  512
Physical Sector Size:  4096
Firmware state: JBOD
Device Firmware Level: E002
Shield Counter: 0
Successful diagnostics completion on :  N/A
SAS Address(0): 0x5000c500aeccba41
SAS Address(1): 0x0
Connected Port Number: 1(path0) 
Inquiry Data: SEAGATE ST12000NM0038   E002ZHZ53YZN            
FDE Capable: Not Capable
FDE Enable: Disable
Secured: Unsecured
Locked: Unlocked
Needs EKM Attention: No
Foreign State: None 
Device Speed: 12.0Gb/s 
Link Speed: 6.0Gb/s 
Media Type: Hard Disk Device
Drive:  Not Certified
Drive Temperature :48C (118.40 F)
PI Eligibility:  No 
Drive is formatted for PI information:  No
PI: No PI
Port-0 :
Port status: Active
Port's Linkspeed: 6.0Gb/s 
Port-1 :
Port status: Active
Port's Linkspeed: 6.0Gb/s 
Drive has flagged a S.M.A.R.T alert : No



Enclosure Device ID: 8
Slot Number: 3
Enclosure position: 1
Device Id: 57
WWN: 5000C500AED1E498
Sequence Number: 2
Media Error Count: 0
Other Error Count: 0
Predictive Failure Count: 0
Last Predictive Failure Event Seq Number: 0
PD Type: SAS

Raw Size: 10.914 TB [0x575000000 Sectors]
Non Coerced Size: 10.913 TB [0x574f00000 Sectors]
Coerced Size: 10.913 TB [0x574f00000 Sectors]
Sector Size:  512
Logical Sector Size:  512
Physical Sector Size:  4096
Firmware state: JBOD
Device Firmware Level: E002
Shield Counter: 0
Successful diagnostics completion on :  N/A
SAS Address(0): 0x5000c500aed1e499
SAS Address(1): 0x0
Connected Port Number: 1(path0) 
Inquiry Data: SEAGATE ST12000NM0038   E002ZHZ4SPLJ            
FDE Capable: Not Capable
FDE Enable: Disable
Secured: Unsecured
Locked: Unlocked
Needs EKM Attention: No
Foreign State: None 
Device Speed: 12.0Gb/s 
Link Speed: 6.0Gb/s 
Media Type: Hard Disk Device
Drive:  Not Certified
Drive Temperature :46C (114.80 F)
PI Eligibility:  No 
Drive is formatted for PI information:  No
PI: No PI
Port-0 :
Port status: Active
Port's Linkspeed: 6.0Gb/s 
Port-1 :
Port status: Active
Port's Linkspeed: 6.0Gb/s 
Drive has flagged a S.M.A.R.T alert : No



Enclosure Device ID: 8
Slot Number: 4
Enclosure position: 1
Device Id: 20
WWN: 50014ee003adba30
Sequence Number: 2
Media Error Count: 0
Other Error Count: 0
Predictive Failure Count: 0
Last Predictive Failure Event Seq Number: 0
PD Type: SATA

Raw Size: 3.638 TB [0x1d1c0beb0 Sectors]
Non Coerced Size: 3.637 TB [0x1d1b0beb0 Sectors]
Coerced Size: 3.637 TB [0x1d1b00000 Sectors]
Sector Size:  512
Logical Sector Size:  512
Physical Sector Size:  4096
Firmware state: JBOD
Device Firmware Level: 1A01
Shield Counter: 0
Successful diagnostics completion on :  N/A
SAS Address(0): 0x5001c4500041a1ac
Connected Port Number: 1(path0) 
Inquiry Data:      WD-WMC130147871WDC WD4000F9YZ-09N20L0                  01.01A01
FDE Capable: Not Capable
FDE Enable: Disable
Secured: Unsecured
Locked: Unlocked
Needs EKM Attention: No
Foreign State: None 
Device Speed: 6.0Gb/s 
Link Speed: 6.0Gb/s 
Media Type: Hard Disk Device
Drive:  Not Certified
Drive Temperature :41C (105.80 F)
PI Eligibility:  No 
Drive is formatted for PI information:  No
PI: No PI
Port-0 :
Port status: Active
Port's Linkspeed: 6.0Gb/s 
Drive has flagged a S.M.A.R.T alert : No



Enclosure Device ID: 8
Slot Number: 5
Enclosure position: 1
Device Id: 55
WWN: 5000C500AEC6E53C
Sequence Number: 2
Media Error Count: 0
Other Error Count: 0
Predictive Failure Count: 0
Last Predictive Failure Event Seq Number: 0
PD Type: SAS

Raw Size: 10.914 TB [0x575000000 Sectors]
Non Coerced Size: 10.913 TB [0x574f00000 Sectors]
Coerced Size: 10.913 TB [0x574f00000 Sectors]
Sector Size:  512
Logical Sector Size:  512
Physical Sector Size:  4096
Firmware state: JBOD
Device Firmware Level: E002
Shield Counter: 0
Successful diagnostics completion on :  N/A
SAS Address(0): 0x5000c500aec6e53d
SAS Address(1): 0x0
Connected Port Number: 1(path0) 
Inquiry Data: SEAGATE ST12000NM0038   E002ZHZ2MRXL            
FDE Capable: Not Capable
FDE Enable: Disable
Secured: Unsecured
Locked: Unlocked
Needs EKM Attention: No
Foreign State: None 
Device Speed: 12.0Gb/s 
Link Speed: 6.0Gb/s 
Media Type: Hard Disk Device
Drive:  Not Certified
Drive Temperature :51C (123.80 F)
PI Eligibility:  No 
Drive is formatted for PI information:  No
PI: No PI
Port-0 :
Port status: Active
Port's Linkspeed: 6.0Gb/s 
Port-1 :
Port status: Active
Port's Linkspeed: 6.0Gb/s 
Drive has flagged a S.M.A.R.T alert : No



Enclosure Device ID: 8
Slot Number: 6
Enclosure position: 1
Device Id: 69
WWN: 5000C500AECB96E8
Sequence Number: 2
Media Error Count: 0
Other Error Count: 0
Predictive Failure Count: 0
Last Predictive Failure Event Seq Number: 0
PD Type: SAS

Raw Size: 10.914 TB [0x575000000 Sectors]
Non Coerced Size: 10.913 TB [0x574f00000 Sectors]
Coerced Size: 10.913 TB [0x574f00000 Sectors]
Sector Size:  512
Logical Sector Size:  512
Physical Sector Size:  4096
Firmware state: JBOD
Device Firmware Level: E002
Shield Counter: 0
Successful diagnostics completion on :  N/A
SAS Address(0): 0x5000c500aecb96e9
SAS Address(1): 0x0
Connected Port Number: 1(path0) 
Inquiry Data: SEAGATE ST12000NM0038   E002ZHZ53324            
FDE Capable: Not Capable
FDE Enable: Disable
Secured: Unsecured
Locked: Unlocked
Needs EKM Attention: No
Foreign State: None 
Device Speed: 12.0Gb/s 
Link Speed: 6.0Gb/s 
Media Type: Hard Disk Device
Drive:  Not Certified
Drive Temperature :51C (123.80 F)
PI Eligibility:  No 
Drive is formatted for PI information:  No
PI: No PI
Port-0 :
Port status: Active
Port's Linkspeed: 6.0Gb/s 
Port-1 :
Port status: Active
Port's Linkspeed: 6.0Gb/s 
Drive has flagged a S.M.A.R.T alert : No



Enclosure Device ID: 8
Slot Number: 7
Enclosure position: 1
Device Id: 58
WWN: 5000C500AECB9F54
Sequence Number: 2
Media Error Count: 0
Other Error Count: 0
Predictive Failure Count: 0
Last Predictive Failure Event Seq Number: 0
PD Type: SAS

Raw Size: 10.914 TB [0x575000000 Sectors]
Non Coerced Size: 10.913 TB [0x574f00000 Sectors]
Coerced Size: 10.913 TB [0x574f00000 Sectors]
Sector Size:  512
Logical Sector Size:  512
Physical Sector Size:  4096
Firmware state: JBOD
Device Firmware Level: E002
Shield Counter: 0
Successful diagnostics completion on :  N/A
SAS Address(0): 0x5000c500aecb9f55
SAS Address(1): 0x0
Connected Port Number: 1(path0) 
Inquiry Data: SEAGATE ST12000NM0038   E002ZHZ532Z7            
FDE Capable: Not Capable
FDE Enable: Disable
Secured: Unsecured
Locked: Unlocked
Needs EKM Attention: No
Foreign State: None 
Device Speed: 12.0Gb/s 
Link Speed: 6.0Gb/s 
Media Type: Hard Disk Device
Drive:  Not Certified
Drive Temperature :48C (118.40 F)
PI Eligibility:  No 
Drive is formatted for PI information:  No
PI: No PI
Port-0 :
Port status: Active
Port's Linkspeed: 6.0Gb/s 
Port-1 :
Port status: Active
Port's Linkspeed: 6.0Gb/s 
Drive has flagged a S.M.A.R.T alert : No



Enclosure Device ID: 8
Slot Number: 9
Enclosure position: 1
Device Id: 65
WWN: 5000C500B7210AE0
Sequence Number: 2
Media Error Count: 0
Other Error Count: 0
Predictive Failure Count: 0
Last Predictive Failure Event Seq Number: 0
PD Type: SAS

Raw Size: 7.277 TB [0x3a3812ab0 Sectors]
Non Coerced Size: 7.276 TB [0x3a3712ab0 Sectors]
Coerced Size: 7.276 TB [0x3a3710000 Sectors]
Sector Size:  512
Logical Sector Size:  512
Physical Sector Size:  4096
Firmware state: JBOD
Device Firmware Level: E004
Shield Counter: 0
Successful diagnostics completion on :  N/A
SAS Address(0): 0x5000c500b7210ae1
SAS Address(1): 0x0
Connected Port Number: 1(path0) 
Inquiry Data: SEAGATE ST8000NM0075    E004ZA157K7C            
FDE Capable: Not Capable
FDE Enable: Disable
Secured: Unsecured
Locked: Unlocked
Needs EKM Attention: No
Foreign State: None 
Device Speed: 12.0Gb/s 
Link Speed: 6.0Gb/s 
Media Type: Hard Disk Device
Drive:  Not Certified
Drive Temperature :50C (122.00 F)
PI Eligibility:  No 
Drive is formatted for PI information:  No
PI: No PI
Port-0 :
Port status: Active
Port's Linkspeed: 6.0Gb/s 
Port-1 :
Port status: Active
Port's Linkspeed: 6.0Gb/s 
Drive has flagged a S.M.A.R.T alert : No



Enclosure Device ID: 8
Slot Number: 10
Enclosure position: 1
Device Id: 71
WWN: 5000C500CAE53C70
Sequence Number: 2
Media Error Count: 0
Other Error Count: 0
Predictive Failure Count: 0
Last Predictive Failure Event Seq Number: 0
PD Type: SAS

Raw Size: 10.914 TB [0x575000000 Sectors]
Non Coerced Size: 10.913 TB [0x574f00000 Sectors]
Coerced Size: 10.913 TB [0x574f00000 Sectors]
Sector Size:  512
Logical Sector Size:  512
Physical Sector Size:  4096
Firmware state: JBOD
Device Firmware Level: E003
Shield Counter: 0
Successful diagnostics completion on :  N/A
SAS Address(0): 0x5000c500cae53c71
SAS Address(1): 0x0
Connected Port Number: 1(path0) 
Inquiry Data: SEAGATE ST12000NM0038   E003ZL00S10B            
FDE Capable: Not Capable
FDE Enable: Disable
Secured: Unsecured
Locked: Unlocked
Needs EKM Attention: No
Foreign State: None 
Device Speed: 12.0Gb/s 
Link Speed: 6.0Gb/s 
Media Type: Hard Disk Device
Drive:  Not Certified
Drive Temperature :48C (118.40 F)
PI Eligibility:  No 
Drive is formatted for PI information:  No
PI: No PI
Port-0 :
Port status: Active
Port's Linkspeed: 6.0Gb/s 
Port-1 :
Port status: Active
Port's Linkspeed: 6.0Gb/s 
Drive has flagged a S.M.A.R.T alert : No



Enclosure Device ID: 8
Slot Number: 11
Enclosure position: 1
Device Id: 59
WWN: 5000C500AEA256C4
Sequence Number: 2
Media Error Count: 0
Other Error Count: 0
Predictive Failure Count: 0
Last Predictive Failure Event Seq Number: 0
PD Type: SAS

Raw Size: 10.914 TB [0x575000000 Sectors]
Non Coerced Size: 10.913 TB [0x574f00000 Sectors]
Coerced Size: 10.913 TB [0x574f00000 Sectors]
Sector Size:  512
Logical Sector Size:  512
Physical Sector Size:  4096
Firmware state: JBOD
Device Firmware Level: E002
Shield Counter: 0
Successful diagnostics completion on :  N/A
SAS Address(0): 0x5000c500aea256c5
SAS Address(1): 0x0
Connected Port Number: 1(path0) 
Inquiry Data: SEAGATE ST12000NM0038   E002ZHZ42EY8            
FDE Capable: Not Capable
FDE Enable: Disable
Secured: Unsecured
Locked: Unlocked
Needs EKM Attention: No
Foreign State: None 
Device Speed: 12.0Gb/s 
Link Speed: 6.0Gb/s 
Media Type: Hard Disk Device
Drive:  Not Certified
Drive Temperature :48C (118.40 F)
PI Eligibility:  No 
Drive is formatted for PI information:  No
PI: No PI
Port-0 :
Port status: Active
Port's Linkspeed: 6.0Gb/s 
Port-1 :
Port status: Active
Port's Linkspeed: 6.0Gb/s 
Drive has flagged a S.M.A.R.T alert : No



Enclosure Device ID: 9
Slot Number: 0
Enclosure position: 1
Device Id: 38
WWN: 50014ee3aad701a0
Sequence Number: 2
Media Error Count: 0
Other Error Count: 0
Predictive Failure Count: 0
Last Predictive Failure Event Seq Number: 0
PD Type: SATA

Raw Size: 3.638 TB [0x1d1c0beb0 Sectors]
Non Coerced Size: 3.637 TB [0x1d1b0beb0 Sectors]
Coerced Size: 3.637 TB [0x1d1b00000 Sectors]
Sector Size:  512
Logical Sector Size:  512
Physical Sector Size:  4096
Firmware state: JBOD
Device Firmware Level: 1A01
Shield Counter: 0
Successful diagnostics completion on :  N/A
SAS Address(0): 0x5001c45000400298
Connected Port Number: 0(path0) 
Inquiry Data:      WD-WMC1F1474186WDC WD4000F9YZ-09N20L0                  01.01A01
FDE Capable: Not Capable
FDE Enable: Disable
Secured: Unsecured
Locked: Unlocked
Needs EKM Attention: No
Foreign State: None 
Device Speed: 6.0Gb/s 
Link Speed: 6.0Gb/s 
Media Type: Hard Disk Device
Drive:  Not Certified
Drive Temperature :27C (80.60 F)
PI Eligibility:  No 
Drive is formatted for PI information:  No
PI: No PI
Port-0 :
Port status: Active
Port's Linkspeed: 6.0Gb/s 
Drive has flagged a S.M.A.R.T alert : No



Enclosure Device ID: 9
Slot Number: 1
Enclosure position: 1
Device Id: 42
WWN: 5000cca244cd9741
Sequence Number: 2
Media Error Count: 0
Other Error Count: 0
Predictive Failure Count: 0
Last Predictive Failure Event Seq Number: 0
PD Type: SATA

Raw Size: 3.638 TB [0x1d1c0beb0 Sectors]
Non Coerced Size: 3.637 TB [0x1d1b0beb0 Sectors]
Coerced Size: 3.637 TB [0x1d1b00000 Sectors]
Sector Size:  512
Logical Sector Size:  512
Physical Sector Size:  512
Firmware state: JBOD
Device Firmware Level: 1M02
Shield Counter: 0
Successful diagnostics completion on :  N/A
SAS Address(0): 0x5001c45000400297
Connected Port Number: 0(path0) 
Inquiry Data: N8GYWUXY            WDC WD4002FYYZ-01B7CB0                  01.01M02
FDE Capable: Not Capable
FDE Enable: Disable
Secured: Unsecured
Locked: Unlocked
Needs EKM Attention: No
Foreign State: None 
Device Speed: 6.0Gb/s 
Link Speed: 6.0Gb/s 
Media Type: Hard Disk Device
Drive:  Not Certified
Drive Temperature :30C (86.00 F)
PI Eligibility:  No 
Drive is formatted for PI information:  No
PI: No PI
Port-0 :
Port status: Active
Port's Linkspeed: 6.0Gb/s 
Drive has flagged a S.M.A.R.T alert : No



Enclosure Device ID: 9
Slot Number: 2
Enclosure position: 1
Device Id: 51
WWN: 5000C500ADD63FA0
Sequence Number: 2
Media Error Count: 0
Other Error Count: 0
Predictive Failure Count: 0
Last Predictive Failure Event Seq Number: 0
PD Type: SAS

Raw Size: 10.914 TB [0x575000000 Sectors]
Non Coerced Size: 10.913 TB [0x574f00000 Sectors]
Coerced Size: 10.913 TB [0x574f00000 Sectors]
Sector Size:  512
Logical Sector Size:  512
Physical Sector Size:  4096
Firmware state: JBOD
Device Firmware Level: E002
Shield Counter: 0
Successful diagnostics completion on :  N/A
SAS Address(0): 0x5000c500add63fa1
SAS Address(1): 0x0
Connected Port Number: 0(path0) 
Inquiry Data: SEAGATE ST12000NM0027   E002ZJV3WGZK            
FDE Capable: Not Capable
FDE Enable: Disable
Secured: Unsecured
Locked: Unlocked
Needs EKM Attention: No
Foreign State: None 
Device Speed: 12.0Gb/s 
Link Speed: 6.0Gb/s 
Media Type: Hard Disk Device
Drive:  Not Certified
Drive Temperature :30C (86.00 F)
PI Eligibility:  No 
Drive is formatted for PI information:  No
PI: No PI
Port-0 :
Port status: Active
Port's Linkspeed: 6.0Gb/s 
Port-1 :
Port status: Active
Port's Linkspeed: 6.0Gb/s 
Drive has flagged a S.M.A.R.T alert : No



Enclosure Device ID: 9
Slot Number: 3
Enclosure position: 1
Device Id: 40
WWN: 50014ee059034931
Sequence Number: 2
Media Error Count: 0
Other Error Count: 0
Predictive Failure Count: 0
Last Predictive Failure Event Seq Number: 0
PD Type: SATA

Raw Size: 3.638 TB [0x1d1c0beb0 Sectors]
Non Coerced Size: 3.637 TB [0x1d1b0beb0 Sectors]
Coerced Size: 3.637 TB [0x1d1b00000 Sectors]
Sector Size:  512
Logical Sector Size:  512
Physical Sector Size:  4096
Firmware state: JBOD
Device Firmware Level: 1A01
Shield Counter: 0
Successful diagnostics completion on :  N/A
SAS Address(0): 0x5001c45000400293
Connected Port Number: 0(path0) 
Inquiry Data:      WD-WMC1F1109545WDC WD4000F9YZ-09N20L0                  01.01A01
FDE Capable: Not Capable
FDE Enable: Disable
Secured: Unsecured
Locked: Unlocked
Needs EKM Attention: No
Foreign State: None 
Device Speed: 6.0Gb/s 
Link Speed: 6.0Gb/s 
Media Type: Hard Disk Device
Drive:  Not Certified
Drive Temperature :29C (84.20 F)
PI Eligibility:  No 
Drive is formatted for PI information:  No
PI: No PI
Port-0 :
Port status: Active
Port's Linkspeed: 6.0Gb/s 
Drive has flagged a S.M.A.R.T alert : No



Enclosure Device ID: 9
Slot Number: 4
Enclosure position: 1
Device Id: 70
WWN: 5000C500CB1D8AA0
Sequence Number: 2
Media Error Count: 0
Other Error Count: 0
Predictive Failure Count: 0
Last Predictive Failure Event Seq Number: 0
PD Type: SAS

Raw Size: 10.914 TB [0x575000000 Sectors]
Non Coerced Size: 10.913 TB [0x574f00000 Sectors]
Coerced Size: 10.913 TB [0x574f00000 Sectors]
Sector Size:  512
Logical Sector Size:  512
Physical Sector Size:  4096
Firmware state: JBOD
Device Firmware Level: E003
Shield Counter: 0
Successful diagnostics completion on :  N/A
SAS Address(0): 0x5000c500cb1d8aa1
SAS Address(1): 0x0
Connected Port Number: 0(path0) 
Inquiry Data: SEAGATE ST12000NM002G   E003ZS8017VB            
FDE Capable: Not Capable
FDE Enable: Disable
Secured: Unsecured
Locked: Unlocked
Needs EKM Attention: No
Foreign State: None 
Device Speed: 12.0Gb/s 
Link Speed: 6.0Gb/s 
Media Type: Hard Disk Device
Drive:  Not Certified
Drive Temperature :28C (82.40 F)
PI Eligibility:  No 
Drive is formatted for PI information:  No
PI: No PI
Port-0 :
Port status: Active
Port's Linkspeed: 6.0Gb/s 
Port-1 :
Port status: Active
Port's Linkspeed: 6.0Gb/s 
Drive has flagged a S.M.A.R.T alert : No



Enclosure Device ID: 9
Slot Number: 5
Enclosure position: 1
Device Id: 41
WWN: 5000cca244cd1e67
Sequence Number: 2
Media Error Count: 0
Other Error Count: 0
Predictive Failure Count: 0
Last Predictive Failure Event Seq Number: 0
PD Type: SATA

Raw Size: 3.638 TB [0x1d1c0beb0 Sectors]
Non Coerced Size: 3.637 TB [0x1d1b0beb0 Sectors]
Coerced Size: 3.637 TB [0x1d1b00000 Sectors]
Sector Size:  512
Logical Sector Size:  512
Physical Sector Size:  512
Firmware state: JBOD
Device Firmware Level: 1M02
Shield Counter: 0
Successful diagnostics completion on :  N/A
SAS Address(0): 0x5001c45000400296
Connected Port Number: 0(path0) 
Inquiry Data: N8GXVMXY            WDC WD4002FYYZ-01B7CB0                  01.01M02
FDE Capable: Not Capable
FDE Enable: Disable
Secured: Unsecured
Locked: Unlocked
Needs EKM Attention: No
Foreign State: None 
Device Speed: 6.0Gb/s 
Link Speed: 6.0Gb/s 
Media Type: Hard Disk Device
Drive:  Not Certified
Drive Temperature :30C (86.00 F)
PI Eligibility:  No 
Drive is formatted for PI information:  No
PI: No PI
Port-0 :
Port status: Active
Port's Linkspeed: 6.0Gb/s 
Drive has flagged a S.M.A.R.T alert : No



Enclosure Device ID: 9
Slot Number: 6
Enclosure position: 1
Device Id: 63
WWN: 5000C500AECB7058
Sequence Number: 2
Media Error Count: 0
Other Error Count: 0
Predictive Failure Count: 0
Last Predictive Failure Event Seq Number: 0
PD Type: SAS

Raw Size: 10.914 TB [0x575000000 Sectors]
Non Coerced Size: 10.913 TB [0x574f00000 Sectors]
Coerced Size: 10.913 TB [0x574f00000 Sectors]
Sector Size:  512
Logical Sector Size:  512
Physical Sector Size:  4096
Firmware state: JBOD
Device Firmware Level: E002
Shield Counter: 0
Successful diagnostics completion on :  N/A
SAS Address(0): 0x5000c500aecb7059
SAS Address(1): 0x0
Connected Port Number: 0(path0) 
Inquiry Data: SEAGATE ST12000NM0038   E002ZHZ533A2            
FDE Capable: Not Capable
FDE Enable: Disable
Secured: Unsecured
Locked: Unlocked
Needs EKM Attention: No
Foreign State: None 
Device Speed: 12.0Gb/s 
Link Speed: 6.0Gb/s 
Media Type: Hard Disk Device
Drive:  Not Certified
Drive Temperature :30C (86.00 F)
PI Eligibility:  No 
Drive is formatted for PI information:  No
PI: No PI
Port-0 :
Port status: Active
Port's Linkspeed: 6.0Gb/s 
Port-1 :
Port status: Active
Port's Linkspeed: 6.0Gb/s 
Drive has flagged a S.M.A.R.T alert : No



Enclosure Device ID: 9
Slot Number: 7
Enclosure position: 1
Device Id: 60
WWN: 5000C500AECB710C
Sequence Number: 2
Media Error Count: 0
Other Error Count: 0
Predictive Failure Count: 0
Last Predictive Failure Event Seq Number: 0
PD Type: SAS

Raw Size: 10.914 TB [0x575000000 Sectors]
Non Coerced Size: 10.913 TB [0x574f00000 Sectors]
Coerced Size: 10.913 TB [0x574f00000 Sectors]
Sector Size:  512
Logical Sector Size:  512
Physical Sector Size:  4096
Firmware state: JBOD
Device Firmware Level: E002
Shield Counter: 0
Successful diagnostics completion on :  N/A
SAS Address(0): 0x5000c500aecb710d
SAS Address(1): 0x0
Connected Port Number: 0(path0) 
Inquiry Data: SEAGATE ST12000NM0038   E002ZHZ5339V            
FDE Capable: Not Capable
FDE Enable: Disable
Secured: Unsecured
Locked: Unlocked
Needs EKM Attention: No
Foreign State: None 
Device Speed: 12.0Gb/s 
Link Speed: 6.0Gb/s 
Media Type: Hard Disk Device
Drive:  Not Certified
Drive Temperature :29C (84.20 F)
PI Eligibility:  No 
Drive is formatted for PI information:  No
PI: No PI
Port-0 :
Port status: Active
Port's Linkspeed: 6.0Gb/s 
Port-1 :
Port status: Active
Port's Linkspeed: 6.0Gb/s 
Drive has flagged a S.M.A.R.T alert : No



Enclosure Device ID: 9
Slot Number: 8
Enclosure position: 1
Device Id: 45
WWN: 50014ee3002c52c0
Sequence Number: 2
Media Error Count: 0
Other Error Count: 0
Predictive Failure Count: 0
Last Predictive Failure Event Seq Number: 0
PD Type: SATA

Raw Size: 3.638 TB [0x1d1c0beb0 Sectors]
Non Coerced Size: 3.637 TB [0x1d1b0beb0 Sectors]
Coerced Size: 3.637 TB [0x1d1b00000 Sectors]
Sector Size:  512
Logical Sector Size:  512
Physical Sector Size:  4096
Firmware state: JBOD
Device Firmware Level: 1A01
Shield Counter: 0
Successful diagnostics completion on :  N/A
SAS Address(0): 0x5001c4500040029a
Connected Port Number: 0(path0) 
Inquiry Data:      WD-WCC1F0267742WDC WD4000F9YZ-09N20L0                  01.01A01
FDE Capable: Not Capable
FDE Enable: Disable
Secured: Unsecured
Locked: Unlocked
Needs EKM Attention: No
Foreign State: None 
Device Speed: 6.0Gb/s 
Link Speed: 6.0Gb/s 
Media Type: Hard Disk Device
Drive:  Not Certified
Drive Temperature :26C (78.80 F)
PI Eligibility:  No 
Drive is formatted for PI information:  No
PI: No PI
Port-0 :
Port status: Active
Port's Linkspeed: 6.0Gb/s 
Drive has flagged a S.M.A.R.T alert : No



Enclosure Device ID: 9
Slot Number: 9
Enclosure position: 1
Device Id: 73
WWN: 5000C500C9CAA438
Sequence Number: 2
Media Error Count: 0
Other Error Count: 0
Predictive Failure Count: 0
Last Predictive Failure Event Seq Number: 0
PD Type: SAS

Raw Size: 7.277 TB [0x74702556 Sectors]
Non Coerced Size: 7.276 TB [0x746e2556 Sectors]
Coerced Size: 7.276 TB [0x746e2000 Sectors]
Sector Size:  4096
Logical Sector Size:  4096
Physical Sector Size:  4096
Firmware state: JBOD
Device Firmware Level: K004
Shield Counter: 0
Successful diagnostics completion on :  N/A
SAS Address(0): 0x5000c500c9caa439
SAS Address(1): 0x0
Connected Port Number: 0(path0) 
Inquiry Data: SEAGATE ST8000NM0065    K004ZA1HC9Y0            
FDE Capable: Not Capable
FDE Enable: Disable
Secured: Unsecured
Locked: Unlocked
Needs EKM Attention: No
Foreign State: None 
Device Speed: 12.0Gb/s 
Link Speed: 6.0Gb/s 
Media Type: Hard Disk Device
Drive:  Not Certified
Drive Temperature :29C (84.20 F)
PI Eligibility:  No 
Drive is formatted for PI information:  No
PI: No PI
Port-0 :
Port status: Active
Port's Linkspeed: 6.0Gb/s 
Port-1 :
Port status: Active
Port's Linkspeed: 6.0Gb/s 
Drive has flagged a S.M.A.R.T alert : No



Enclosure Device ID: 9
Slot Number: 10
Enclosure position: 1
Device Id: 34
WWN: 50014ee0ae58d697
Sequence Number: 2
Media Error Count: 0
Other Error Count: 0
Predictive Failure Count: 0
Last Predictive Failure Event Seq Number: 0
PD Type: SATA

Raw Size: 3.638 TB [0x1d1c0beb0 Sectors]
Non Coerced Size: 3.637 TB [0x1d1b0beb0 Sectors]
Coerced Size: 3.637 TB [0x1d1b00000 Sectors]
Sector Size:  512
Logical Sector Size:  512
Physical Sector Size:  4096
Firmware state: JBOD
Device Firmware Level: 1A01
Shield Counter: 0
Successful diagnostics completion on :  N/A
SAS Address(0): 0x5001c45000400290
Connected Port Number: 0(path0) 
Inquiry Data:      WD-WMC1F0846734WDC WD4000F9YZ-09N20L0                  01.01A01
FDE Capable: Not Capable
FDE Enable: Disable
Secured: Unsecured
Locked: Unlocked
Needs EKM Attention: No
Foreign State: None 
Device Speed: 6.0Gb/s 
Link Speed: 6.0Gb/s 
Media Type: Hard Disk Device
Drive:  Not Certified
Drive Temperature :27C (80.60 F)
PI Eligibility:  No 
Drive is formatted for PI information:  No
PI: No PI
Port-0 :
Port status: Active
Port's Linkspeed: 6.0Gb/s 
Drive has flagged a S.M.A.R.T alert : No



Enclosure Device ID: 9
Slot Number: 11
Enclosure position: 1
Device Id: 67
WWN: 5000C500B72138F4
Sequence Number: 2
Media Error Count: 0
Other Error Count: 0
Predictive Failure Count: 0
Last Predictive Failure Event Seq Number: 0
PD Type: SAS

Raw Size: 7.277 TB [0x3a3812ab0 Sectors]
Non Coerced Size: 7.276 TB [0x3a3712ab0 Sectors]
Coerced Size: 7.276 TB [0x3a3710000 Sectors]
Sector Size:  512
Logical Sector Size:  512
Physical Sector Size:  4096
Firmware state: JBOD
Device Firmware Level: E004
Shield Counter: 0
Successful diagnostics completion on :  N/A
SAS Address(0): 0x5000c500b72138f5
SAS Address(1): 0x0
Connected Port Number: 0(path0) 
Inquiry Data: SEAGATE ST8000NM0075    E004ZA1C7T75            
FDE Capable: Not Capable
FDE Enable: Disable
Secured: Unsecured
Locked: Unlocked
Needs EKM Attention: No
Foreign State: None 
Device Speed: 12.0Gb/s 
Link Speed: 6.0Gb/s 
Media Type: Hard Disk Device
Drive:  Not Certified
Drive Temperature :30C (86.00 F)
PI Eligibility:  No 
Drive is formatted for PI information:  No
PI: No PI
Port-0 :
Port status: Active
Port's Linkspeed: 6.0Gb/s 
Port-1 :
Port status: Active
Port's Linkspeed: 6.0Gb/s 
Drive has flagged a S.M.A.R.T alert : No



Enclosure Device ID: 9
Slot Number: 12
Enclosure position: 1
Device Id: 52
WWN: 5000C500ADD7D17C
Sequence Number: 2
Media Error Count: 0
Other Error Count: 0
Predictive Failure Count: 0
Last Predictive Failure Event Seq Number: 0
PD Type: SAS

Raw Size: 10.914 TB [0x575000000 Sectors]
Non Coerced Size: 10.913 TB [0x574f00000 Sectors]
Coerced Size: 10.913 TB [0x574f00000 Sectors]
Sector Size:  512
Logical Sector Size:  512
Physical Sector Size:  4096
Firmware state: JBOD
Device Firmware Level: E002
Shield Counter: 0
Successful diagnostics completion on :  N/A
SAS Address(0): 0x5000c500add7d17d
SAS Address(1): 0x0
Connected Port Number: 0(path0) 
Inquiry Data: SEAGATE ST12000NM0027   E002ZJV4F5L5            
FDE Capable: Not Capable
FDE Enable: Disable
Secured: Unsecured
Locked: Unlocked
Needs EKM Attention: No
Foreign State: None 
Device Speed: 12.0Gb/s 
Link Speed: 6.0Gb/s 
Media Type: Hard Disk Device
Drive:  Not Certified
Drive Temperature :25C (77.00 F)
PI Eligibility:  No 
Drive is formatted for PI information:  No
PI: No PI
Port-0 :
Port status: Active
Port's Linkspeed: 6.0Gb/s 
Port-1 :
Port status: Active
Port's Linkspeed: 6.0Gb/s 
Drive has flagged a S.M.A.R.T alert : No



Enclosure Device ID: 9
Slot Number: 13
Enclosure position: 1
Device Id: 31
WWN: 50014ee0ae58d9d5
Sequence Number: 2
Media Error Count: 0
Other Error Count: 0
Predictive Failure Count: 0
Last Predictive Failure Event Seq Number: 0
PD Type: SATA

Raw Size: 3.638 TB [0x1d1c0beb0 Sectors]
Non Coerced Size: 3.637 TB [0x1d1b0beb0 Sectors]
Coerced Size: 3.637 TB [0x1d1b00000 Sectors]
Sector Size:  512
Logical Sector Size:  512
Physical Sector Size:  4096
Firmware state: JBOD
Device Firmware Level: 1A01
Shield Counter: 0
Successful diagnostics completion on :  N/A
SAS Address(0): 0x5001c4500040028c
Connected Port Number: 0(path0) 
Inquiry Data:      WD-WMC1F1176092WDC WD4000F9YZ-09N20L0                  01.01A01
FDE Capable: Not Capable
FDE Enable: Disable
Secured: Unsecured
Locked: Unlocked
Needs EKM Attention: No
Foreign State: None 
Device Speed: 6.0Gb/s 
Link Speed: 6.0Gb/s 
Media Type: Hard Disk Device
Drive:  Not Certified
Drive Temperature :27C (80.60 F)
PI Eligibility:  No 
Drive is formatted for PI information:  No
PI: No PI
Port-0 :
Port status: Active
Port's Linkspeed: 6.0Gb/s 
Drive has flagged a S.M.A.R.T alert : No



Enclosure Device ID: 9
Slot Number: 14
Enclosure position: 1
Device Id: 62
WWN: 5000C500AECCBC9C
Sequence Number: 2
Media Error Count: 0
Other Error Count: 0
Predictive Failure Count: 0
Last Predictive Failure Event Seq Number: 0
PD Type: SAS

Raw Size: 10.914 TB [0x575000000 Sectors]
Non Coerced Size: 10.913 TB [0x574f00000 Sectors]
Coerced Size: 10.913 TB [0x574f00000 Sectors]
Sector Size:  512
Logical Sector Size:  512
Physical Sector Size:  4096
Firmware state: JBOD
Device Firmware Level: E002
Shield Counter: 0
Successful diagnostics completion on :  N/A
SAS Address(0): 0x5000c500aeccbc9d
SAS Address(1): 0x0
Connected Port Number: 0(path0) 
Inquiry Data: SEAGATE ST12000NM0038   E002ZHZ53YX6            
FDE Capable: Not Capable
FDE Enable: Disable
Secured: Unsecured
Locked: Unlocked
Needs EKM Attention: No
Foreign State: None 
Device Speed: 12.0Gb/s 
Link Speed: 6.0Gb/s 
Media Type: Hard Disk Device
Drive:  Not Certified
Drive Temperature :27C (80.60 F)
PI Eligibility:  No 
Drive is formatted for PI information:  No
PI: No PI
Port-0 :
Port status: Active
Port's Linkspeed: 6.0Gb/s 
Port-1 :
Port status: Active
Port's Linkspeed: 6.0Gb/s 
Drive has flagged a S.M.A.R.T alert : No



Enclosure Device ID: 9
Slot Number: 15
Enclosure position: 1
Device Id: 11
WWN: 5000cca244cd677d
Sequence Number: 2
Media Error Count: 0
Other Error Count: 0
Predictive Failure Count: 0
Last Predictive Failure Event Seq Number: 0
PD Type: SATA

Raw Size: 3.638 TB [0x1d1c0beb0 Sectors]
Non Coerced Size: 3.637 TB [0x1d1b0beb0 Sectors]
Coerced Size: 3.637 TB [0x1d1b00000 Sectors]
Sector Size:  512
Logical Sector Size:  512
Physical Sector Size:  512
Firmware state: JBOD
Device Firmware Level: 1M02
Shield Counter: 0
Successful diagnostics completion on :  N/A
SAS Address(0): 0x5001c4500040028f
Connected Port Number: 0(path0) 
Inquiry Data: N8GYH3GY            WDC WD4002FYYZ-01B7CB0                  01.01M02
FDE Capable: Not Capable
FDE Enable: Disable
Secured: Unsecured
Locked: Unlocked
Needs EKM Attention: No
Foreign State: None 
Device Speed: 6.0Gb/s 
Link Speed: 6.0Gb/s 
Media Type: Hard Disk Device
Drive:  Not Certified
Drive Temperature :27C (80.60 F)
PI Eligibility:  No 
Drive is formatted for PI information:  No
PI: No PI
Port-0 :
Port status: Active
Port's Linkspeed: 6.0Gb/s 
Drive has flagged a S.M.A.R.T alert : No



Enclosure Device ID: 9
Slot Number: 16
Enclosure position: 1
Device Id: 61
WWN: 5000C500AECCBD7C
Sequence Number: 2
Media Error Count: 0
Other Error Count: 0
Predictive Failure Count: 0
Last Predictive Failure Event Seq Number: 0
PD Type: SAS

Raw Size: 10.914 TB [0x575000000 Sectors]
Non Coerced Size: 10.913 TB [0x574f00000 Sectors]
Coerced Size: 10.913 TB [0x574f00000 Sectors]
Sector Size:  512
Logical Sector Size:  512
Physical Sector Size:  4096
Firmware state: JBOD
Device Firmware Level: E002
Shield Counter: 0
Successful diagnostics completion on :  N/A
SAS Address(0): 0x5000c500aeccbd7d
SAS Address(1): 0x0
Connected Port Number: 0(path0) 
Inquiry Data: SEAGATE ST12000NM0038   E002ZHZ53YWD            
FDE Capable: Not Capable
FDE Enable: Disable
Secured: Unsecured
Locked: Unlocked
Needs EKM Attention: No
Foreign State: None 
Device Speed: 12.0Gb/s 
Link Speed: 6.0Gb/s 
Media Type: Hard Disk Device
Drive:  Not Certified
Drive Temperature :28C (82.40 F)
PI Eligibility:  No 
Drive is formatted for PI information:  No
PI: No PI
Port-0 :
Port status: Active
Port's Linkspeed: 6.0Gb/s 
Port-1 :
Port status: Active
Port's Linkspeed: 6.0Gb/s 
Drive has flagged a S.M.A.R.T alert : No



Enclosure Device ID: 9
Slot Number: 17
Enclosure position: 1
Device Id: 26
WWN: 50014ee209456214
Sequence Number: 2
Media Error Count: 0
Other Error Count: 0
Predictive Failure Count: 0
Last Predictive Failure Event Seq Number: 0
PD Type: SATA

Raw Size: 3.638 TB [0x1d1c0beb0 Sectors]
Non Coerced Size: 3.637 TB [0x1d1b0beb0 Sectors]
Coerced Size: 3.637 TB [0x1d1b00000 Sectors]
Sector Size:  512
Logical Sector Size:  512
Physical Sector Size:  4096
Firmware state: JBOD
Device Firmware Level: 1A01
Shield Counter: 0
Successful diagnostics completion on :  N/A
SAS Address(0): 0x5001c4500040028b
Connected Port Number: 0(path0) 
Inquiry Data:      WD-WCC131253779WDC WD4000F9YZ-09N20L0                  01.01A01
FDE Capable: Not Capable
FDE Enable: Disable
Secured: Unsecured
Locked: Unlocked
Needs EKM Attention: No
Foreign State: None 
Device Speed: 6.0Gb/s 
Link Speed: 6.0Gb/s 
Media Type: Hard Disk Device
Drive:  Not Certified
Drive Temperature :29C (84.20 F)
PI Eligibility:  No 
Drive is formatted for PI information:  No
PI: No PI
Port-0 :
Port status: Active
Port's Linkspeed: 6.0Gb/s 
Drive has flagged a S.M.A.R.T alert : No



Enclosure Device ID: 9
Slot Number: 18
Enclosure position: 1
Device Id: 49
WWN: 5000C500ADD771AC
Sequence Number: 2
Media Error Count: 0
Other Error Count: 0
Predictive Failure Count: 0
Last Predictive Failure Event Seq Number: 0
PD Type: SAS

Raw Size: 10.914 TB [0x575000000 Sectors]
Non Coerced Size: 10.913 TB [0x574f00000 Sectors]
Coerced Size: 10.913 TB [0x574f00000 Sectors]
Sector Size:  512
Logical Sector Size:  512
Physical Sector Size:  4096
Firmware state: JBOD
Device Firmware Level: E002
Shield Counter: 0
Successful diagnostics completion on :  N/A
SAS Address(0): 0x5000c500add771ad
SAS Address(1): 0x0
Connected Port Number: 0(path0) 
Inquiry Data: SEAGATE ST12000NM0027   E002ZJV457YY            
FDE Capable: Not Capable
FDE Enable: Disable
Secured: Unsecured
Locked: Unlocked
Needs EKM Attention: No
Foreign State: None 
Device Speed: 12.0Gb/s 
Link Speed: 6.0Gb/s 
Media Type: Hard Disk Device
Drive:  Not Certified
Drive Temperature :30C (86.00 F)
PI Eligibility:  No 
Drive is formatted for PI information:  No
PI: No PI
Port-0 :
Port status: Active
Port's Linkspeed: 6.0Gb/s 
Port-1 :
Port status: Active
Port's Linkspeed: 6.0Gb/s 
Drive has flagged a S.M.A.R.T alert : No



Enclosure Device ID: 9
Slot Number: 19
Enclosure position: 1
Device Id: 25
WWN: 50014ee003adeaee
Sequence Number: 2
Media Error Count: 0
Other Error Count: 0
Predictive Failure Count: 0
Last Predictive Failure Event Seq Number: 0
PD Type: SATA

Raw Size: 3.638 TB [0x1d1c0beb0 Sectors]
Non Coerced Size: 3.637 TB [0x1d1b0beb0 Sectors]
Coerced Size: 3.637 TB [0x1d1b00000 Sectors]
Sector Size:  512
Logical Sector Size:  512
Physical Sector Size:  4096
Firmware state: JBOD
Device Firmware Level: 1A01
Shield Counter: 0
Successful diagnostics completion on :  N/A
SAS Address(0): 0x5001c45000400289
Connected Port Number: 0(path0) 
Inquiry Data:      WD-WMC1F1168923WDC WD4000F9YZ-09N20L0                  01.01A01
FDE Capable: Not Capable
FDE Enable: Disable
Secured: Unsecured
Locked: Unlocked
Needs EKM Attention: No
Foreign State: None 
Device Speed: 6.0Gb/s 
Link Speed: 6.0Gb/s 
Media Type: Hard Disk Device
Drive:  Not Certified
Drive Temperature :28C (82.40 F)
PI Eligibility:  No 
Drive is formatted for PI information:  No
PI: No PI
Port-0 :
Port status: Active
Port's Linkspeed: 6.0Gb/s 
Drive has flagged a S.M.A.R.T alert : No



Enclosure Device ID: 9
Slot Number: 20
Enclosure position: 1
Device Id: 19
WWN: 50014ee6ae98249d
Sequence Number: 2
Media Error Count: 0
Other Error Count: 0
Predictive Failure Count: 0
Last Predictive Failure Event Seq Number: 0
PD Type: SATA

Raw Size: 3.638 TB [0x1d1c0beb0 Sectors]
Non Coerced Size: 3.637 TB [0x1d1b0beb0 Sectors]
Coerced Size: 3.637 TB [0x1d1b00000 Sectors]
Sector Size:  512
Logical Sector Size:  512
Physical Sector Size:  4096
Firmware state: JBOD
Device Firmware Level: 1A01
Shield Counter: 0
Successful diagnostics completion on :  N/A
SAS Address(0): 0x5001c45000400285
Connected Port Number: 0(path0) 
Inquiry Data:      WD-WMC1F1226219WDC WD4000F9YZ-09N20L0                  01.01A01
FDE Capable: Not Capable
FDE Enable: Disable
Secured: Unsecured
Locked: Unlocked
Needs EKM Attention: No
Foreign State: None 
Device Speed: 6.0Gb/s 
Link Speed: 6.0Gb/s 
Media Type: Hard Disk Device
Drive:  Not Certified
Drive Temperature :28C (82.40 F)
PI Eligibility:  No 
Drive is formatted for PI information:  No
PI: No PI
Port-0 :
Port status: Active
Port's Linkspeed: 6.0Gb/s 
Drive has flagged a S.M.A.R.T alert : No



Enclosure Device ID: 9
Slot Number: 21
Enclosure position: 1
Device Id: 72
WWN: 5000C500B722B428
Sequence Number: 2
Media Error Count: 0
Other Error Count: 0
Predictive Failure Count: 0
Last Predictive Failure Event Seq Number: 0
PD Type: SAS

Raw Size: 7.277 TB [0x3a3812ab0 Sectors]
Non Coerced Size: 7.276 TB [0x3a3712ab0 Sectors]
Coerced Size: 7.276 TB [0x3a3710000 Sectors]
Sector Size:  512
Logical Sector Size:  512
Physical Sector Size:  4096
Firmware state: JBOD
Device Firmware Level: E004
Shield Counter: 0
Successful diagnostics completion on :  N/A
SAS Address(0): 0x5000c500b722b429
SAS Address(1): 0x0
Connected Port Number: 0(path0) 
Inquiry Data: SEAGATE ST8000NM0075    E004ZA1BRW01            
FDE Capable: Not Capable
FDE Enable: Disable
Secured: Unsecured
Locked: Unlocked
Needs EKM Attention: No
Foreign State: None 
Device Speed: 12.0Gb/s 
Link Speed: 6.0Gb/s 
Media Type: Hard Disk Device
Drive:  Not Certified
Drive Temperature :32C (89.60 F)
PI Eligibility:  No 
Drive is formatted for PI information:  No
PI: No PI
Port-0 :
Port status: Active
Port's Linkspeed: 6.0Gb/s 
Port-1 :
Port status: Active
Port's Linkspeed: 6.0Gb/s 
Drive has flagged a S.M.A.R.T alert : No



Enclosure Device ID: 9
Slot Number: 22
Enclosure position: 1
Device Id: 74
WWN: 5000C500D298E448
Sequence Number: 2
Media Error Count: 0
Other Error Count: 0
Predictive Failure Count: 0
Last Predictive Failure Event Seq Number: 0
PD Type: SAS

Raw Size: 7.277 TB [0x3a3812ab0 Sectors]
Non Coerced Size: 7.276 TB [0x3a3712ab0 Sectors]
Coerced Size: 7.276 TB [0x3a3710000 Sectors]
Sector Size:  512
Logical Sector Size:  512
Physical Sector Size:  4096
Firmware state: JBOD
Device Firmware Level: E002
Shield Counter: 0
Successful diagnostics completion on :  N/A
SAS Address(0): 0x5000c500d298e449
SAS Address(1): 0x0
Connected Port Number: 0(path0) 
Inquiry Data: SEAGATE ST8000NM001A    E002WKD2SZ4R            
FDE Capable: Not Capable
FDE Enable: Disable
Secured: Unsecured
Locked: Unlocked
Needs EKM Attention: No
Foreign State: None 
Device Speed: 12.0Gb/s 
Link Speed: 6.0Gb/s 
Media Type: Hard Disk Device
Drive:  Not Certified
Drive Temperature :30C (86.00 F)
PI Eligibility:  No 
Drive is formatted for PI information:  No
PI: No PI
Port-0 :
Port status: Active
Port's Linkspeed: 6.0Gb/s 
Port-1 :
Port status: Active
Port's Linkspeed: 6.0Gb/s 
Drive has flagged a S.M.A.R.T alert : No



Enclosure Device ID: 9
Slot Number: 23
Enclosure position: 1
Device Id: 50
WWN: 5000C500ADD78D64
Sequence Number: 2
Media Error Count: 0
Other Error Count: 0
Predictive Failure Count: 0
Last Predictive Failure Event Seq Number: 0
PD Type: SAS

Raw Size: 10.914 TB [0x575000000 Sectors]
Non Coerced Size: 10.913 TB [0x574f00000 Sectors]
Coerced Size: 10.913 TB [0x574f00000 Sectors]
Sector Size:  512
Logical Sector Size:  512
Physical Sector Size:  4096
Firmware state: JBOD
Device Firmware Level: E002
Shield Counter: 0
Successful diagnostics completion on :  N/A
SAS Address(0): 0x5000c500add78d65
SAS Address(1): 0x0
Connected Port Number: 0(path0) 
Inquiry Data: SEAGATE ST12000NM0027   E002ZJV49YVL            
FDE Capable: Not Capable
FDE Enable: Disable
Secured: Unsecured
Locked: Unlocked
Needs EKM Attention: No
Foreign State: None 
Device Speed: 12.0Gb/s 
Link Speed: 6.0Gb/s 
Media Type: Hard Disk Device
Drive:  Not Certified
Drive Temperature :30C (86.00 F)
PI Eligibility:  No 
Drive is formatted for PI information:  No
PI: No PI
Port-0 :
Port status: Active
Port's Linkspeed: 6.0Gb/s 
Port-1 :
Port status: Active
Port's Linkspeed: 6.0Gb/s 
Drive has flagged a S.M.A.R.T alert : No




Exit Code: 0x00
Adapter: 0: Device at EnclId-9 SlotId-10  -- PD Locate Start Command was successfully sent to Firmware 

Exit Code: 0x00
